2024-07-15 14:13:03,045  INFO {book.BoardApplication} Starting BoardApplication using Java 21.0.3 with PID 8276 (C:\Users\myanj\eclipse-workspace\book\bin\main started by myanj in C:\Users\myanj\eclipse-workspace\book)
2024-07-15 14:13:03,046 DEBUG {book.BoardApplication} Running with Spring Boot v3.3.1, Spring v6.1.10
2024-07-15 14:13:03,046  INFO {book.BoardApplication} The following 1 profile is active: "prod"
2024-07-15 14:13:03,598  INFO {book.BoardApplication} Started BoardApplication in 0.634 seconds (process running for 55.9)
2024-07-15 14:13:11,713 DEBUG {book.controller.BoardController} debug log...
2024-07-15 14:13:11,714  INFO {book.controller.BoardController} info log...
2024-07-15 14:13:11,714  WARN {book.controller.BoardController} warn log...
2024-07-15 14:13:11,715 ERROR {book.controller.BoardController} error log...
2024-07-15 14:13:11,717 DEBUG {book.mapper.BoardMapper.selectBoardList} ==>  Preparing: select board_idx, title, hit_cnt, date_format(created_datetime, '%Y.%m.%d %H:%i:%s') as created_datetime from t_board where deleted_yn = 'N' order by board_idx desc
2024-07-15 14:13:11,717 DEBUG {book.mapper.BoardMapper.selectBoardList} ==> Parameters: 
2024-07-15 14:13:11,718 DEBUG {book.mapper.BoardMapper.selectBoardList} <==      Total: 4
2024-07-15 14:13:11,949 DEBUG {book.controller.BoardController} debug log...
2024-07-15 14:13:11,950  INFO {book.controller.BoardController} info log...
2024-07-15 14:13:11,950  WARN {book.controller.BoardController} warn log...
2024-07-15 14:13:11,950 ERROR {book.controller.BoardController} error log...
2024-07-15 14:13:11,950 DEBUG {book.mapper.BoardMapper.selectBoardList} ==>  Preparing: select board_idx, title, hit_cnt, date_format(created_datetime, '%Y.%m.%d %H:%i:%s') as created_datetime from t_board where deleted_yn = 'N' order by board_idx desc
2024-07-15 14:13:11,950 DEBUG {book.mapper.BoardMapper.selectBoardList} ==> Parameters: 
2024-07-15 14:13:11,952 DEBUG {book.mapper.BoardMapper.selectBoardList} <==      Total: 4
2024-07-15 14:13:12,140 DEBUG {book.controller.BoardController} debug log...
2024-07-15 14:13:12,140  INFO {book.controller.BoardController} info log...
2024-07-15 14:13:12,140  WARN {book.controller.BoardController} warn log...
2024-07-15 14:13:12,140 ERROR {book.controller.BoardController} error log...
2024-07-15 14:13:12,140 DEBUG {book.mapper.BoardMapper.selectBoardList} ==>  Preparing: select board_idx, title, hit_cnt, date_format(created_datetime, '%Y.%m.%d %H:%i:%s') as created_datetime from t_board where deleted_yn = 'N' order by board_idx desc
2024-07-15 14:13:12,141 DEBUG {book.mapper.BoardMapper.selectBoardList} ==> Parameters: 
2024-07-15 14:13:12,142 DEBUG {book.mapper.BoardMapper.selectBoardList} <==      Total: 4
2024-07-15 14:13:12,292 DEBUG {book.controller.BoardController} debug log...
2024-07-15 14:13:12,292  INFO {book.controller.BoardController} info log...
2024-07-15 14:13:12,292  WARN {book.controller.BoardController} warn log...
2024-07-15 14:13:12,292 ERROR {book.controller.BoardController} error log...
2024-07-15 14:13:12,292 DEBUG {book.mapper.BoardMapper.selectBoardList} ==>  Preparing: select board_idx, title, hit_cnt, date_format(created_datetime, '%Y.%m.%d %H:%i:%s') as created_datetime from t_board where deleted_yn = 'N' order by board_idx desc
2024-07-15 14:13:12,292 DEBUG {book.mapper.BoardMapper.selectBoardList} ==> Parameters: 
2024-07-15 14:13:12,293 DEBUG {book.mapper.BoardMapper.selectBoardList} <==      Total: 4
2024-07-15 14:13:12,443 DEBUG {book.controller.BoardController} debug log...
2024-07-15 14:13:12,443  INFO {book.controller.BoardController} info log...
2024-07-15 14:13:12,444  WARN {book.controller.BoardController} warn log...
2024-07-15 14:13:12,444 ERROR {book.controller.BoardController} error log...
2024-07-15 14:13:12,444 DEBUG {book.mapper.BoardMapper.selectBoardList} ==>  Preparing: select board_idx, title, hit_cnt, date_format(created_datetime, '%Y.%m.%d %H:%i:%s') as created_datetime from t_board where deleted_yn = 'N' order by board_idx desc
2024-07-15 14:13:12,444 DEBUG {book.mapper.BoardMapper.selectBoardList} ==> Parameters: 
2024-07-15 14:13:12,445 DEBUG {book.mapper.BoardMapper.selectBoardList} <==      Total: 4
2024-07-15 14:13:12,620 DEBUG {book.controller.BoardController} debug log...
2024-07-15 14:13:12,620  INFO {book.controller.BoardController} info log...
2024-07-15 14:13:12,620  WARN {book.controller.BoardController} warn log...
2024-07-15 14:13:12,620 ERROR {book.controller.BoardController} error log...
2024-07-15 14:13:12,620 DEBUG {book.mapper.BoardMapper.selectBoardList} ==>  Preparing: select board_idx, title, hit_cnt, date_format(created_datetime, '%Y.%m.%d %H:%i:%s') as created_datetime from t_board where deleted_yn = 'N' order by board_idx desc
2024-07-15 14:13:12,621 DEBUG {book.mapper.BoardMapper.selectBoardList} ==> Parameters: 
2024-07-15 14:13:12,622 DEBUG {book.mapper.BoardMapper.selectBoardList} <==      Total: 4
2024-07-15 14:13:20,134  INFO {book.BoardApplication} Starting BoardApplication using Java 21.0.3 with PID 16412 (C:\Users\myanj\eclipse-workspace\book\bin\main started by myanj in C:\Users\myanj\eclipse-workspace\book)
2024-07-15 14:13:20,135 DEBUG {book.BoardApplication} Running with Spring Boot v3.3.1, Spring v6.1.10
2024-07-15 14:13:20,136  INFO {book.BoardApplication} The following 1 profile is active: "prod"
2024-07-15 14:13:23,683  INFO {book.BoardApplication} Started BoardApplication in 4.053 seconds (process running for 4.929)
2024-07-15 14:17:18,846 DEBUG {book.controller.BoardController} debug log...
2024-07-15 14:17:18,846  INFO {book.controller.BoardController} info log...
2024-07-15 14:17:18,846  WARN {book.controller.BoardController} warn log...
2024-07-15 14:17:18,846 ERROR {book.controller.BoardController} error log...
2024-07-15 14:17:18,861 DEBUG {book.mapper.BoardMapper.selectBoardList} ==>  Preparing: select board_idx, title, hit_cnt, date_format(created_datetime, '%Y.%m.%d %H:%i:%s') as created_datetime from t_board where deleted_yn = 'N' order by board_idx desc
2024-07-15 14:17:18,878 DEBUG {book.mapper.BoardMapper.selectBoardList} ==> Parameters: 
2024-07-15 14:17:18,890 DEBUG {book.mapper.BoardMapper.selectBoardList} <==      Total: 4
2024-07-15 14:17:19,333 DEBUG {book.controller.BoardController} debug log...
2024-07-15 14:17:19,333  INFO {book.controller.BoardController} info log...
2024-07-15 14:17:19,333  WARN {book.controller.BoardController} warn log...
2024-07-15 14:17:19,333 ERROR {book.controller.BoardController} error log...
2024-07-15 14:17:19,334 DEBUG {book.mapper.BoardMapper.selectBoardList} ==>  Preparing: select board_idx, title, hit_cnt, date_format(created_datetime, '%Y.%m.%d %H:%i:%s') as created_datetime from t_board where deleted_yn = 'N' order by board_idx desc
2024-07-15 14:17:19,334 DEBUG {book.mapper.BoardMapper.selectBoardList} ==> Parameters: 
2024-07-15 14:17:19,337 DEBUG {book.mapper.BoardMapper.selectBoardList} <==      Total: 4
2024-07-15 14:17:19,802 DEBUG {book.controller.BoardController} debug log...
2024-07-15 14:17:19,802  INFO {book.controller.BoardController} info log...
2024-07-15 14:17:19,802  WARN {book.controller.BoardController} warn log...
2024-07-15 14:17:19,802 ERROR {book.controller.BoardController} error log...
2024-07-15 14:17:19,802 DEBUG {book.mapper.BoardMapper.selectBoardList} ==>  Preparing: select board_idx, title, hit_cnt, date_format(created_datetime, '%Y.%m.%d %H:%i:%s') as created_datetime from t_board where deleted_yn = 'N' order by board_idx desc
2024-07-15 14:17:19,802 DEBUG {book.mapper.BoardMapper.selectBoardList} ==> Parameters: 
2024-07-15 14:17:19,804 DEBUG {book.mapper.BoardMapper.selectBoardList} <==      Total: 4
2024-07-15 14:17:20,172 DEBUG {book.controller.BoardController} debug log...
2024-07-15 14:17:20,173  INFO {book.controller.BoardController} info log...
2024-07-15 14:17:20,173  WARN {book.controller.BoardController} warn log...
2024-07-15 14:17:20,173 ERROR {book.controller.BoardController} error log...
2024-07-15 14:17:20,173 DEBUG {book.mapper.BoardMapper.selectBoardList} ==>  Preparing: select board_idx, title, hit_cnt, date_format(created_datetime, '%Y.%m.%d %H:%i:%s') as created_datetime from t_board where deleted_yn = 'N' order by board_idx desc
2024-07-15 14:17:20,173 DEBUG {book.mapper.BoardMapper.selectBoardList} ==> Parameters: 
2024-07-15 14:17:20,175 DEBUG {book.mapper.BoardMapper.selectBoardList} <==      Total: 4
2024-07-15 14:17:20,548 DEBUG {book.controller.BoardController} debug log...
2024-07-15 14:17:20,548  INFO {book.controller.BoardController} info log...
2024-07-15 14:17:20,548  WARN {book.controller.BoardController} warn log...
2024-07-15 14:17:20,548 ERROR {book.controller.BoardController} error log...
2024-07-15 14:17:20,549 DEBUG {book.mapper.BoardMapper.selectBoardList} ==>  Preparing: select board_idx, title, hit_cnt, date_format(created_datetime, '%Y.%m.%d %H:%i:%s') as created_datetime from t_board where deleted_yn = 'N' order by board_idx desc
2024-07-15 14:17:20,549 DEBUG {book.mapper.BoardMapper.selectBoardList} ==> Parameters: 
2024-07-15 14:17:20,550 DEBUG {book.mapper.BoardMapper.selectBoardList} <==      Total: 4
2024-07-15 14:17:20,866 DEBUG {book.controller.BoardController} debug log...
2024-07-15 14:17:20,866  INFO {book.controller.BoardController} info log...
2024-07-15 14:17:20,866  WARN {book.controller.BoardController} warn log...
2024-07-15 14:17:20,866 ERROR {book.controller.BoardController} error log...
2024-07-15 14:17:20,866 DEBUG {book.mapper.BoardMapper.selectBoardList} ==>  Preparing: select board_idx, title, hit_cnt, date_format(created_datetime, '%Y.%m.%d %H:%i:%s') as created_datetime from t_board where deleted_yn = 'N' order by board_idx desc
2024-07-15 14:17:20,866 DEBUG {book.mapper.BoardMapper.selectBoardList} ==> Parameters: 
2024-07-15 14:17:20,868 DEBUG {book.mapper.BoardMapper.selectBoardList} <==      Total: 4
2024-07-15 14:17:21,157 DEBUG {book.controller.BoardController} debug log...
2024-07-15 14:17:21,157  INFO {book.controller.BoardController} info log...
2024-07-15 14:17:21,157  WARN {book.controller.BoardController} warn log...
2024-07-15 14:17:21,157 ERROR {book.controller.BoardController} error log...
2024-07-15 14:17:21,158 DEBUG {book.mapper.BoardMapper.selectBoardList} ==>  Preparing: select board_idx, title, hit_cnt, date_format(created_datetime, '%Y.%m.%d %H:%i:%s') as created_datetime from t_board where deleted_yn = 'N' order by board_idx desc
2024-07-15 14:17:21,159 DEBUG {book.mapper.BoardMapper.selectBoardList} ==> Parameters: 
2024-07-15 14:17:21,161 DEBUG {book.mapper.BoardMapper.selectBoardList} <==      Total: 4
2024-07-15 14:17:21,501 DEBUG {book.controller.BoardController} debug log...
2024-07-15 14:17:21,501  INFO {book.controller.BoardController} info log...
2024-07-15 14:17:21,501  WARN {book.controller.BoardController} warn log...
2024-07-15 14:17:21,501 ERROR {book.controller.BoardController} error log...
2024-07-15 14:17:21,501 DEBUG {book.mapper.BoardMapper.selectBoardList} ==>  Preparing: select board_idx, title, hit_cnt, date_format(created_datetime, '%Y.%m.%d %H:%i:%s') as created_datetime from t_board where deleted_yn = 'N' order by board_idx desc
2024-07-15 14:17:21,502 DEBUG {book.mapper.BoardMapper.selectBoardList} ==> Parameters: 
2024-07-15 14:17:21,503 DEBUG {book.mapper.BoardMapper.selectBoardList} <==      Total: 4
2024-07-15 14:17:35,081 DEBUG {book.controller.BoardController} debug log...
2024-07-15 14:17:35,081  INFO {book.controller.BoardController} info log...
2024-07-15 14:17:35,081  WARN {book.controller.BoardController} warn log...
2024-07-15 14:17:35,081 ERROR {book.controller.BoardController} error log...
2024-07-15 14:17:35,083 DEBUG {book.mapper.BoardMapper.selectBoardList} ==>  Preparing: select board_idx, title, hit_cnt, date_format(created_datetime, '%Y.%m.%d %H:%i:%s') as created_datetime from t_board where deleted_yn = 'N' order by board_idx desc
2024-07-15 14:17:35,083 DEBUG {book.mapper.BoardMapper.selectBoardList} ==> Parameters: 
2024-07-15 14:17:35,086 DEBUG {book.mapper.BoardMapper.selectBoardList} <==      Total: 4
2024-07-15 14:17:35,467 DEBUG {book.controller.BoardController} debug log...
2024-07-15 14:17:35,467  INFO {book.controller.BoardController} info log...
2024-07-15 14:17:35,467  WARN {book.controller.BoardController} warn log...
2024-07-15 14:17:35,467 ERROR {book.controller.BoardController} error log...
2024-07-15 14:17:35,468 DEBUG {book.mapper.BoardMapper.selectBoardList} ==>  Preparing: select board_idx, title, hit_cnt, date_format(created_datetime, '%Y.%m.%d %H:%i:%s') as created_datetime from t_board where deleted_yn = 'N' order by board_idx desc
2024-07-15 14:17:35,468 DEBUG {book.mapper.BoardMapper.selectBoardList} ==> Parameters: 
2024-07-15 14:17:35,469 DEBUG {book.mapper.BoardMapper.selectBoardList} <==      Total: 4
2024-07-15 14:17:35,883 DEBUG {book.controller.BoardController} debug log...
2024-07-15 14:17:35,884  INFO {book.controller.BoardController} info log...
2024-07-15 14:17:35,884  WARN {book.controller.BoardController} warn log...
2024-07-15 14:17:35,884 ERROR {book.controller.BoardController} error log...
2024-07-15 14:17:35,884 DEBUG {book.mapper.BoardMapper.selectBoardList} ==>  Preparing: select board_idx, title, hit_cnt, date_format(created_datetime, '%Y.%m.%d %H:%i:%s') as created_datetime from t_board where deleted_yn = 'N' order by board_idx desc
2024-07-15 14:17:35,884 DEBUG {book.mapper.BoardMapper.selectBoardList} ==> Parameters: 
2024-07-15 14:17:35,885 DEBUG {book.mapper.BoardMapper.selectBoardList} <==      Total: 4
2024-07-15 14:17:36,182 DEBUG {book.controller.BoardController} debug log...
2024-07-15 14:17:36,182  INFO {book.controller.BoardController} info log...
2024-07-15 14:17:36,182  WARN {book.controller.BoardController} warn log...
2024-07-15 14:17:36,182 ERROR {book.controller.BoardController} error log...
2024-07-15 14:17:36,184 DEBUG {book.mapper.BoardMapper.selectBoardList} ==>  Preparing: select board_idx, title, hit_cnt, date_format(created_datetime, '%Y.%m.%d %H:%i:%s') as created_datetime from t_board where deleted_yn = 'N' order by board_idx desc
2024-07-15 14:17:36,184 DEBUG {book.mapper.BoardMapper.selectBoardList} ==> Parameters: 
2024-07-15 14:17:36,185 DEBUG {book.mapper.BoardMapper.selectBoardList} <==      Total: 4
2024-07-15 14:17:36,404 DEBUG {book.controller.BoardController} debug log...
2024-07-15 14:17:36,404  INFO {book.controller.BoardController} info log...
2024-07-15 14:17:36,404  WARN {book.controller.BoardController} warn log...
2024-07-15 14:17:36,404 ERROR {book.controller.BoardController} error log...
2024-07-15 14:17:36,404 DEBUG {book.mapper.BoardMapper.selectBoardList} ==>  Preparing: select board_idx, title, hit_cnt, date_format(created_datetime, '%Y.%m.%d %H:%i:%s') as created_datetime from t_board where deleted_yn = 'N' order by board_idx desc
2024-07-15 14:17:36,404 DEBUG {book.mapper.BoardMapper.selectBoardList} ==> Parameters: 
2024-07-15 14:17:36,405 DEBUG {book.mapper.BoardMapper.selectBoardList} <==      Total: 4
2024-07-15 14:17:36,581 DEBUG {book.controller.BoardController} debug log...
2024-07-15 14:17:36,581  INFO {book.controller.BoardController} info log...
2024-07-15 14:17:36,581  WARN {book.controller.BoardController} warn log...
2024-07-15 14:17:36,581 ERROR {book.controller.BoardController} error log...
2024-07-15 14:17:36,581 DEBUG {book.mapper.BoardMapper.selectBoardList} ==>  Preparing: select board_idx, title, hit_cnt, date_format(created_datetime, '%Y.%m.%d %H:%i:%s') as created_datetime from t_board where deleted_yn = 'N' order by board_idx desc
2024-07-15 14:17:36,582 DEBUG {book.mapper.BoardMapper.selectBoardList} ==> Parameters: 
2024-07-15 14:17:36,583 DEBUG {book.mapper.BoardMapper.selectBoardList} <==      Total: 4
2024-07-15 14:35:25,264 DEBUG {book.controller.BoardController} debug log...
2024-07-15 14:35:25,264  INFO {book.controller.BoardController} info log...
2024-07-15 14:35:25,264  WARN {book.controller.BoardController} warn log...
2024-07-15 14:35:25,264 ERROR {book.controller.BoardController} error log...
2024-07-15 14:35:25,267 DEBUG {book.mapper.BoardMapper.selectBoardList} ==>  Preparing: select board_idx, title, hit_cnt, date_format(created_datetime, '%Y.%m.%d %H:%i:%s') as created_datetime from t_board where deleted_yn = 'N' order by board_idx desc
2024-07-15 14:35:25,267 DEBUG {book.mapper.BoardMapper.selectBoardList} ==> Parameters: 
2024-07-15 14:35:25,268 DEBUG {book.mapper.BoardMapper.selectBoardList} <==      Total: 4
